<html>
<head>
<title>TestNG:  Default test</title>
<link href="../testng.css" rel="stylesheet" type="text/css" />
<link href="../my-testng.css" rel="stylesheet" type="text/css" />

<style type="text/css">
.log { display: none;} 
.stack-trace { display: none;} 
</style>
<script type="text/javascript">
<!--
function flip(e) {
  current = e.style.display;
  if (current == 'block') {
    e.style.display = 'none';
    return 0;
  }
  else {
    e.style.display = 'block';
    return 1;
  }
}

function toggleBox(szDivId, elem, msg1, msg2)
{
  var res = -1;  if (document.getElementById) {
    res = flip(document.getElementById(szDivId));
  }
  else if (document.all) {
    // this is the way old msie versions work
    res = flip(document.all[szDivId]);
  }
  if(elem) {
    if(res == 0) elem.innerHTML = msg1; else elem.innerHTML = msg2;
  }

}

function toggleAllBoxes() {
  if (document.getElementsByTagName) {
    d = document.getElementsByTagName('div');
    for (i = 0; i < d.length; i++) {
      if (d[i].className == 'log') {
        flip(d[i]);
      }
    }
  }
}

// -->
</script>

</head>
<body>
<h2 align='center'>Default test</h2><table border='1' align="center">
<tr>
<td>Tests passed/Failed/Skipped:</td><td>27/2/0</td>
</tr><tr>
<td>Started on:</td><td>Sun May 09 13:27:18 EDT 2021</td>
</tr>
<tr><td>Total time:</td><td>356 seconds (356543 ms)</td>
</tr><tr>
<td>Included groups:</td><td></td>
</tr><tr>
<td>Excluded groups:</td><td></td>
</tr>
</table><p/>
<small><i>(Hover the method name to see the test class name)</i></small><p/>
<table width='100%' border='1' class='invocation-failed'>
<tr><td colspan='4' align='center'><b>FAILED TESTS</b></td></tr>
<tr><td><b>Test method</b></td>
<td width="30%"><b>Exception</b></td>
<td width="10%"><b>Time (seconds)</b></td>
<td><b>Instance</b></td>
</tr>
<tr>
<td title='TestCases.CreateAccountTest.tc_32_createAccountWithoutselectOptionalCheckbox()'><b>tc_32_createAccountWithoutselectOptionalCheckbox</b><br>Test class: TestCases.CreateAccountTest<br>Test method: TC_32 Checking functionality of Terms and conditions check box by clicking on it.</td>
<td><div><pre>java.lang.AssertionError: expected [true] but found [false]
	at org.testng.Assert.fail(Assert.java:99)
	at org.testng.Assert.failNotEquals(Assert.java:1037)
	at org.testng.Assert.assertTrue(Assert.java:45)
	at org.testng.Assert.assertTrue(Assert.java:55)
	at TestCases.CreateAccountTest.tc_32_createAccountWithoutselectOptionalCheckbox(CreateAccountTest.java:338)
	at java.base/jdk.internal.reflect.NativeMethodAccessorImpl.invoke0(Native Method)
	at java.base/jdk.internal.reflect.NativeMethodAccessorImpl.invoke(NativeMethodAccessorImpl.java:64)
	at java.base/jdk.internal.reflect.DelegatingMethodAccessorImpl.invoke(DelegatingMethodAccessorImpl.java:43)
	at java.base/java.lang.reflect.Method.invoke(Method.java:564)
	at org.testng.internal.MethodInvocationHelper.invokeMethod(MethodInvocationHelper.java:133)
	at org.testng.internal.TestInvoker.invokeMethod(TestInvoker.java:598)
	at org.testng.internal.TestInvoker.invokeTestMethod(TestInvoker.java:173)
	at org.testng.internal.MethodRunner.runInSequence(MethodRunner.java:46)
	at org.testng.internal.TestInvoker$MethodInvocationAgent.invoke(TestInvoker.java:824)
	at org.testng.internal.TestInvoker.invokeTestMethods(TestInvoker.java:146)
	at org.testng.internal.TestMethodWorker.invokeTestMethods(TestMethodWorker.java:146)
	at org.testng.internal.TestMethodWorker.run(TestMethodWorker.java:128)
	at java.base/java.util.ArrayList.forEach(ArrayList.java:1511)
	at org.testng.TestRunner.privateRun(TestRunner.java:794)
	at org.testng.TestRunner.run(TestRunner.java:596)
	at org.testng.SuiteRunner.runTest(SuiteRunner.java:377)
	at org.testng.SuiteRunner.runSequentially(SuiteRunner.java:371)
	at org.testng.SuiteRunner.privateRun(SuiteRunner.java:332)
	at org.testng.SuiteRunner.run(SuiteRunner.java:276)
	at org.testng.SuiteRunnerWorker.runSuite(SuiteRunnerWorker.java:53)
	at org.testng.SuiteRunnerWorker.run(SuiteRunnerWorker.java:96)
	at org.testng.TestNG.runSuitesSequentially(TestNG.java:1212)
	at org.testng.TestNG.runSuitesLocally(TestNG.java:1134)
	at org.testng.TestNG.runSuites(TestNG.java:1063)
	at org.testng.TestNG.run(TestNG.java:1031)
	at org.testng.remote.AbstractRemoteTestNG.run(AbstractRemoteTestNG.java:115)
	at org.testng.remote.RemoteTestNG.initAndRun(RemoteTestNG.java:251)
	at org.testng.remote.RemoteTestNG.main(RemoteTestNG.java:77)
</pre></div><a href='#' onClick='toggleBox("stack-trace1920566957", this, "Click to show all stack frames", "Click to hide stack frames")'>Click to show all stack frames</a>
<div class='stack-trace' id='stack-trace1920566957'><pre>java.lang.AssertionError: expected [true] but found [false]
	at org.testng.Assert.fail(Assert.java:99)
	at org.testng.Assert.failNotEquals(Assert.java:1037)
	at org.testng.Assert.assertTrue(Assert.java:45)
	at org.testng.Assert.assertTrue(Assert.java:55)
	at TestCases.CreateAccountTest.tc_32_createAccountWithoutselectOptionalCheckbox(CreateAccountTest.java:338)
	at java.base/jdk.internal.reflect.NativeMethodAccessorImpl.invoke0(Native Method)
	at java.base/jdk.internal.reflect.NativeMethodAccessorImpl.invoke(NativeMethodAccessorImpl.java:64)
	at java.base/jdk.internal.reflect.DelegatingMethodAccessorImpl.invoke(DelegatingMethodAccessorImpl.java:43)
	at java.base/java.lang.reflect.Method.invoke(Method.java:564)
	at org.testng.internal.MethodInvocationHelper.invokeMethod(MethodInvocationHelper.java:133)
	at org.testng.internal.TestInvoker.invokeMethod(TestInvoker.java:598)
	at org.testng.internal.TestInvoker.invokeTestMethod(TestInvoker.java:173)
	at org.testng.internal.MethodRunner.runInSequence(MethodRunner.java:46)
	at org.testng.internal.TestInvoker$MethodInvocationAgent.invoke(TestInvoker.java:824)
	at org.testng.internal.TestInvoker.invokeTestMethods(TestInvoker.java:146)
	at org.testng.internal.TestMethodWorker.invokeTestMethods(TestMethodWorker.java:146)
	at org.testng.internal.TestMethodWorker.run(TestMethodWorker.java:128)
	at java.base/java.util.ArrayList.forEach(ArrayList.java:1511)
	at org.testng.TestRunner.privateRun(TestRunner.java:794)
	at org.testng.TestRunner.run(TestRunner.java:596)
	at org.testng.SuiteRunner.runTest(SuiteRunner.java:377)
	at org.testng.SuiteRunner.runSequentially(SuiteRunner.java:371)
	at org.testng.SuiteRunner.privateRun(SuiteRunner.java:332)
	at org.testng.SuiteRunner.run(SuiteRunner.java:276)
	at org.testng.SuiteRunnerWorker.runSuite(SuiteRunnerWorker.java:53)
	at org.testng.SuiteRunnerWorker.run(SuiteRunnerWorker.java:96)
	at org.testng.TestNG.runSuitesSequentially(TestNG.java:1212)
	at org.testng.TestNG.runSuitesLocally(TestNG.java:1134)
	at org.testng.TestNG.runSuites(TestNG.java:1063)
	at org.testng.TestNG.run(TestNG.java:1031)
	at org.testng.remote.AbstractRemoteTestNG.run(AbstractRemoteTestNG.java:115)
	at org.testng.remote.RemoteTestNG.initAndRun(RemoteTestNG.java:251)
	at org.testng.remote.RemoteTestNG.main(RemoteTestNG.java:77)
</pre></div></td>
<td>19</td>
<td>TestCases.CreateAccountTest@5677323c</td></tr>
<tr>
<td title='TestCases.CreateAccountTest.tc_31_createAccountWithoutselectOptionalCheckbox()'><b>tc_31_createAccountWithoutselectOptionalCheckbox</b><br>Test class: TestCases.CreateAccountTest<br>Test method: TC_31 To verify user is able to create account without select the check box about "Email me about Flyers, rollback & clearance selection"  .</td>
<td><div><pre>java.lang.AssertionError: expected [true] but found [false]
	at org.testng.Assert.fail(Assert.java:99)
	at org.testng.Assert.failNotEquals(Assert.java:1037)
	at org.testng.Assert.assertTrue(Assert.java:45)
	at org.testng.Assert.assertTrue(Assert.java:55)
	at TestCases.CreateAccountTest.tc_31_createAccountWithoutselectOptionalCheckbox(CreateAccountTest.java:316)
	at java.base/jdk.internal.reflect.NativeMethodAccessorImpl.invoke0(Native Method)
	at java.base/jdk.internal.reflect.NativeMethodAccessorImpl.invoke(NativeMethodAccessorImpl.java:64)
	at java.base/jdk.internal.reflect.DelegatingMethodAccessorImpl.invoke(DelegatingMethodAccessorImpl.java:43)
	at java.base/java.lang.reflect.Method.invoke(Method.java:564)
	at org.testng.internal.MethodInvocationHelper.invokeMethod(MethodInvocationHelper.java:133)
	at org.testng.internal.TestInvoker.invokeMethod(TestInvoker.java:598)
	at org.testng.internal.TestInvoker.invokeTestMethod(TestInvoker.java:173)
	at org.testng.internal.MethodRunner.runInSequence(MethodRunner.java:46)
	at org.testng.internal.TestInvoker$MethodInvocationAgent.invoke(TestInvoker.java:824)
	at org.testng.internal.TestInvoker.invokeTestMethods(TestInvoker.java:146)
	at org.testng.internal.TestMethodWorker.invokeTestMethods(TestMethodWorker.java:146)
	at org.testng.internal.TestMethodWorker.run(TestMethodWorker.java:128)
	at java.base/java.util.ArrayList.forEach(ArrayList.java:1511)
	at org.testng.TestRunner.privateRun(TestRunner.java:794)
	at org.testng.TestRunner.run(TestRunner.java:596)
	at org.testng.SuiteRunner.runTest(SuiteRunner.java:377)
	at org.testng.SuiteRunner.runSequentially(SuiteRunner.java:371)
	at org.testng.SuiteRunner.privateRun(SuiteRunner.java:332)
	at org.testng.SuiteRunner.run(SuiteRunner.java:276)
	at org.testng.SuiteRunnerWorker.runSuite(SuiteRunnerWorker.java:53)
	at org.testng.SuiteRunnerWorker.run(SuiteRunnerWorker.java:96)
	at org.testng.TestNG.runSuitesSequentially(TestNG.java:1212)
	at org.testng.TestNG.runSuitesLocally(TestNG.java:1134)
	at org.testng.TestNG.runSuites(TestNG.java:1063)
	at org.testng.TestNG.run(TestNG.java:1031)
	at org.testng.remote.AbstractRemoteTestNG.run(AbstractRemoteTestNG.java:115)
	at org.testng.remote.RemoteTestNG.initAndRun(RemoteTestNG.java:251)
	at org.testng.remote.RemoteTestNG.main(RemoteTestNG.java:77)
</pre></div><a href='#' onClick='toggleBox("stack-trace92694321", this, "Click to show all stack frames", "Click to hide stack frames")'>Click to show all stack frames</a>
<div class='stack-trace' id='stack-trace92694321'><pre>java.lang.AssertionError: expected [true] but found [false]
	at org.testng.Assert.fail(Assert.java:99)
	at org.testng.Assert.failNotEquals(Assert.java:1037)
	at org.testng.Assert.assertTrue(Assert.java:45)
	at org.testng.Assert.assertTrue(Assert.java:55)
	at TestCases.CreateAccountTest.tc_31_createAccountWithoutselectOptionalCheckbox(CreateAccountTest.java:316)
	at java.base/jdk.internal.reflect.NativeMethodAccessorImpl.invoke0(Native Method)
	at java.base/jdk.internal.reflect.NativeMethodAccessorImpl.invoke(NativeMethodAccessorImpl.java:64)
	at java.base/jdk.internal.reflect.DelegatingMethodAccessorImpl.invoke(DelegatingMethodAccessorImpl.java:43)
	at java.base/java.lang.reflect.Method.invoke(Method.java:564)
	at org.testng.internal.MethodInvocationHelper.invokeMethod(MethodInvocationHelper.java:133)
	at org.testng.internal.TestInvoker.invokeMethod(TestInvoker.java:598)
	at org.testng.internal.TestInvoker.invokeTestMethod(TestInvoker.java:173)
	at org.testng.internal.MethodRunner.runInSequence(MethodRunner.java:46)
	at org.testng.internal.TestInvoker$MethodInvocationAgent.invoke(TestInvoker.java:824)
	at org.testng.internal.TestInvoker.invokeTestMethods(TestInvoker.java:146)
	at org.testng.internal.TestMethodWorker.invokeTestMethods(TestMethodWorker.java:146)
	at org.testng.internal.TestMethodWorker.run(TestMethodWorker.java:128)
	at java.base/java.util.ArrayList.forEach(ArrayList.java:1511)
	at org.testng.TestRunner.privateRun(TestRunner.java:794)
	at org.testng.TestRunner.run(TestRunner.java:596)
	at org.testng.SuiteRunner.runTest(SuiteRunner.java:377)
	at org.testng.SuiteRunner.runSequentially(SuiteRunner.java:371)
	at org.testng.SuiteRunner.privateRun(SuiteRunner.java:332)
	at org.testng.SuiteRunner.run(SuiteRunner.java:276)
	at org.testng.SuiteRunnerWorker.runSuite(SuiteRunnerWorker.java:53)
	at org.testng.SuiteRunnerWorker.run(SuiteRunnerWorker.java:96)
	at org.testng.TestNG.runSuitesSequentially(TestNG.java:1212)
	at org.testng.TestNG.runSuitesLocally(TestNG.java:1134)
	at org.testng.TestNG.runSuites(TestNG.java:1063)
	at org.testng.TestNG.run(TestNG.java:1031)
	at org.testng.remote.AbstractRemoteTestNG.run(AbstractRemoteTestNG.java:115)
	at org.testng.remote.RemoteTestNG.initAndRun(RemoteTestNG.java:251)
	at org.testng.remote.RemoteTestNG.main(RemoteTestNG.java:77)
</pre></div></td>
<td>19</td>
<td>TestCases.CreateAccountTest@5677323c</td></tr>
</table><p>
<table width='100%' border='1' class='invocation-passed'>
<tr><td colspan='4' align='center'><b>PASSED TESTS</b></td></tr>
<tr><td><b>Test method</b></td>
<td width="30%"><b>Exception</b></td>
<td width="10%"><b>Time (seconds)</b></td>
<td><b>Instance</b></td>
</tr>
<tr>
<td title='TestCases.CreateAccountTest.tc_4_validateErrorMessageWithFieldLEft()'><b>tc_4_validateErrorMessageWithFieldLEft</b><br>Test class: TestCases.CreateAccountTest<br>Test method: TC_4 This test case is to verify the Error message if First name field left black.</td>
<td></td>
<td>0</td>
<td>TestCases.CreateAccountTest@5677323c</td></tr>
<tr>
<td title='TestCases.CreateAccountTest.tc_33_createAccountWithoutselectOptionalCheckbox()'><b>tc_33_createAccountWithoutselectOptionalCheckbox</b><br>Test class: TestCases.CreateAccountTest<br>Test method: TC_33 Checking functionality of Terms and conditions check box by not clicking on it.</td>
<td></td>
<td>5</td>
<td>TestCases.CreateAccountTest@5677323c</td></tr>
<tr>
<td title='TestCases.CreateAccountTest.tc_16_checkInvalidPhnNumber11Digit()'><b>tc_16_checkInvalidPhnNumber11Digit</b><br>Test class: TestCases.CreateAccountTest<br>Test method: TC_16 Checking functionality of phone number field with invalid data More than 10 digits .</td>
<td></td>
<td>0</td>
<td>TestCases.CreateAccountTest@5677323c</td></tr>
<tr>
<td title='TestCases.CreateAccountTest.tc_3_validateErrorMessageWithLessThen2Char()'><b>tc_3_validateErrorMessageWithLessThen2Char</b><br>Test class: TestCases.CreateAccountTest<br>Test method: TC_3 This test case is to verify the Error message if first name is of less then 2 char</td>
<td></td>
<td>0</td>
<td>TestCases.CreateAccountTest@5677323c</td></tr>
<tr>
<td title='TestCases.CreateAccountTest.tc_25_checkValidPasswordWithSpecialCharNumber()'><b>tc_25_checkValidPasswordWithSpecialCharNumber</b><br>Test class: TestCases.CreateAccountTest<br>Test method: TC_25 Checking functionality of password field for password strenght with combination of charanters, numbers and special characters.</td>
<td></td>
<td>0</td>
<td>TestCases.CreateAccountTest@5677323c</td></tr>
<tr>
<td title='TestCases.CreateAccountTest.tc_21_checkInvalidEmailWithBlank()'><b>tc_21_checkInvalidEmailWithBlank</b><br>Test class: TestCases.CreateAccountTest<br>Test method: TC_21 Checking functionality of blank email field.</td>
<td></td>
<td>0</td>
<td>TestCases.CreateAccountTest@5677323c</td></tr>
<tr>
<td title='TestCases.CreateAccountTest.tc_9_validateErrorMessageWithLessThen2CharInLastName()'><b>tc_9_validateErrorMessageWithLessThen2CharInLastName</b><br>Test class: TestCases.CreateAccountTest<br>Test method: TC_9 This test case is to verify the Error message if user enter Last name is of less then 2 char</td>
<td></td>
<td>0</td>
<td>TestCases.CreateAccountTest@5677323c</td></tr>
<tr>
<td title='TestCases.CreateAccountTest.tc_26_checkValidPasswordWithSpecialChar()'><b>tc_26_checkValidPasswordWithSpecialChar</b><br>Test class: TestCases.CreateAccountTest<br>Test method: TC_26 Checking functionality of password field for password strenght with combination of charanters and special characters.</td>
<td></td>
<td>0</td>
<td>TestCases.CreateAccountTest@5677323c</td></tr>
<tr>
<td title='TestCases.CreateAccountTest.tc_27_checkValidPasswordWithChar()'><b>tc_27_checkValidPasswordWithChar</b><br>Test class: TestCases.CreateAccountTest<br>Test method: TC_27 Checking functionality of password field for password strenght with just character input.</td>
<td></td>
<td>0</td>
<td>TestCases.CreateAccountTest@5677323c</td></tr>
<tr>
<td title='TestCases.CreateAccountTest.tc_7_validateErrorMessageWithFirstCharAsSpace()'><b>tc_7_validateErrorMessageWithFirstCharAsSpace</b><br>Test class: TestCases.CreateAccountTest<br>Test method: TC_7 This test case is to verify the Error message if  First name field starting with a space.</td>
<td></td>
<td>30</td>
<td>TestCases.CreateAccountTest@5677323c</td></tr>
<tr>
<td title='TestCases.CreateAccountTest.tc_17_checkInvalidPhnNumberStartWithBlank()'><b>tc_17_checkInvalidPhnNumberStartWithBlank</b><br>Test class: TestCases.CreateAccountTest<br>Test method: TC_17 Checking functionality of phone number field with invalid data starting with space .</td>
<td></td>
<td>0</td>
<td>TestCases.CreateAccountTest@5677323c</td></tr>
<tr>
<td title='TestCases.CreateAccountTest.tc_6_validateErrorMessageWithAlphaNumSpecialChar()'><b>tc_6_validateErrorMessageWithAlphaNumSpecialChar</b><br>Test class: TestCases.CreateAccountTest<br>Test method: TC_6 This test case is to verify the Error message if First name field with alpha Numeric Special characters.</td>
<td></td>
<td>0</td>
<td>TestCases.CreateAccountTest@5677323c</td></tr>
<tr>
<td title='TestCases.CreateAccountTest.tc_13_validateErrorMessageWithFirstCharAsSpaceInLastName()'><b>tc_13_validateErrorMessageWithFirstCharAsSpaceInLastName</b><br>Test class: TestCases.CreateAccountTest<br>Test method: TC_13 This test case is to verify the Error message if user enter Last name field starting with a space.</td>
<td></td>
<td>30</td>
<td>TestCases.CreateAccountTest@5677323c</td></tr>
<tr>
<td title='TestCases.CreateAccountTest.tc_1validateCreateAccountPage()'><b>tc_1validateCreateAccountPage</b><br>Test class: TestCases.CreateAccountTest<br>Test method: TC_1 This test case is to Verify If user landed on create account page</td>
<td></td>
<td>0</td>
<td>TestCases.CreateAccountTest@5677323c</td></tr>
<tr>
<td title='TestCases.CreateAccountTest.tc_10_validateErrorMessageWithFieldLeftInLastName()'><b>tc_10_validateErrorMessageWithFieldLeftInLastName</b><br>Test class: TestCases.CreateAccountTest<br>Test method: TC_10 This test case is to verify the Error message if Last name field left black.</td>
<td></td>
<td>0</td>
<td>TestCases.CreateAccountTest@5677323c</td></tr>
<tr>
<td title='TestCases.CreateAccountTest.tc_20_checkInvalidEmailWithStartingSpace()'><b>tc_20_checkInvalidEmailWithStartingSpace</b><br>Test class: TestCases.CreateAccountTest<br>Test method: TC_20 Checking functionality of email field with data starting with a space.</td>
<td></td>
<td>30</td>
<td>TestCases.CreateAccountTest@5677323c</td></tr>
<tr>
<td title='TestCases.CreateAccountTest.tc_2validateValidDataFirstName()'><b>tc_2validateValidDataFirstName</b><br>Test class: TestCases.CreateAccountTest<br>Test method: TC_2 To Check the functionality When user enter First name field with valid data No error occur</td>
<td></td>
<td>30</td>
<td>TestCases.CreateAccountTest@5677323c</td></tr>
<tr>
<td title='TestCases.CreateAccountTest.tc_18_checkValidEmail()'><b>tc_18_checkValidEmail</b><br>Test class: TestCases.CreateAccountTest<br>Test method: TC_18 Checking functionality of email field with valid data.</td>
<td></td>
<td>30</td>
<td>TestCases.CreateAccountTest@5677323c</td></tr>
<tr>
<td title='TestCases.CreateAccountTest.tc_22_checkValidPassword()'><b>tc_22_checkValidPassword</b><br>Test class: TestCases.CreateAccountTest<br>Test method: TC_23 Checking functionality of password field with no data.</td>
<td></td>
<td>0</td>
<td>TestCases.CreateAccountTest@5677323c</td></tr>
<tr>
<td title='TestCases.CreateAccountTest.tc_5_validateErrorMessageWithAlphaNum()'><b>tc_5_validateErrorMessageWithAlphaNum</b><br>Test class: TestCases.CreateAccountTest<br>Test method: TC_5 This test case is to verify the Error message if First name field with alpha Numeric characters.</td>
<td></td>
<td>0</td>
<td>TestCases.CreateAccountTest@5677323c</td></tr>
<tr>
<td title='TestCases.CreateAccountTest.tc_8_validateValidDataLastName()'><b>tc_8_validateValidDataLastName</b><br>Test class: TestCases.CreateAccountTest<br>Test method: TC_8 To Check the functionality When user enter Last name field with valid data ,No error occur</td>
<td></td>
<td>30</td>
<td>TestCases.CreateAccountTest@5677323c</td></tr>
<tr>
<td title='TestCases.CreateAccountTest.tc_15_checkInvalidPhnNumber()'><b>tc_15_checkInvalidPhnNumber</b><br>Test class: TestCases.CreateAccountTest<br>Test method: TC_15 Checking functionality of phone number field with invalid data less than 10 digits .</td>
<td></td>
<td>0</td>
<td>TestCases.CreateAccountTest@5677323c</td></tr>
<tr>
<td title='TestCases.CreateAccountTest.tc_19_checkInvalidEmail()'><b>tc_19_checkInvalidEmail</b><br>Test class: TestCases.CreateAccountTest<br>Test method: TC_19 Checking functionality of email field with invalid data.</td>
<td></td>
<td>0</td>
<td>TestCases.CreateAccountTest@5677323c</td></tr>
<tr>
<td title='TestCases.CreateAccountTest.tc_14_checkValidPhnNumber()'><b>tc_14_checkValidPhnNumber</b><br>Test class: TestCases.CreateAccountTest<br>Test method: TC_14 Checking functionality of phone number field with valid data .</td>
<td></td>
<td>30</td>
<td>TestCases.CreateAccountTest@5677323c</td></tr>
<tr>
<td title='TestCases.CreateAccountTest.tc_30_checkValidPasswordWithChar()'><b>tc_30_checkValidPasswordWithChar</b><br>Test class: TestCases.CreateAccountTest<br>Test method: TC_30 Checking functionality of password with less than 6 characters.</td>
<td></td>
<td>0</td>
<td>TestCases.CreateAccountTest@5677323c</td></tr>
<tr>
<td title='TestCases.CreateAccountTest.tc_12_validateErrorMessageWithAlphaNumSpecialCharInLastName()'><b>tc_12_validateErrorMessageWithAlphaNumSpecialCharInLastName</b><br>Test class: TestCases.CreateAccountTest<br>Test method: TC_12 This test case is to verify the Error message if user enter Last name field alpha Numeric Special characters.</td>
<td></td>
<td>0</td>
<td>TestCases.CreateAccountTest@5677323c</td></tr>
<tr>
<td title='TestCases.CreateAccountTest.tc_11_validateErrorMessageWithAlphaNumInLastName()'><b>tc_11_validateErrorMessageWithAlphaNumInLastName</b><br>Test class: TestCases.CreateAccountTest<br>Test method: TC_11 This test case is to verify the Error message if user enter Last name field  alpha Numeric characters.</td>
<td></td>
<td>0</td>
<td>TestCases.CreateAccountTest@5677323c</td></tr>
</table><p>
</body>
</html>