<?xml version="1.0" encoding="UTF-8"?>
<!-- Generated by org.testng.reporters.JUnitXMLReporter -->
<testsuite ignored="0" hostname="LAPTOP-1FSN1JQJ" failures="2" tests="29" name="Default test" time="356.543" errors="0" timestamp="2021-05-09T13:33:15 EDT">
  <testcase classname="TestCases.CreateAccountTest" name="tc_10_validateErrorMessageWithFieldLeftInLastName" time="0.531"/>
  <testcase classname="TestCases.CreateAccountTest" name="tc_11_validateErrorMessageWithAlphaNumInLastName" time="0.734"/>
  <testcase classname="TestCases.CreateAccountTest" name="tc_12_validateErrorMessageWithAlphaNumSpecialCharInLastName" time="0.62"/>
  <testcase classname="TestCases.CreateAccountTest" name="tc_13_validateErrorMessageWithFirstCharAsSpaceInLastName" time="30.386"/>
  <testcase classname="TestCases.CreateAccountTest" name="tc_14_checkValidPhnNumber" time="30.515"/>
  <testcase classname="TestCases.CreateAccountTest" name="tc_15_checkInvalidPhnNumber" time="0.589"/>
  <testcase classname="TestCases.CreateAccountTest" name="tc_16_checkInvalidPhnNumber11Digit" time="0.597"/>
  <testcase classname="TestCases.CreateAccountTest" name="tc_17_checkInvalidPhnNumberStartWithBlank" time="0.732"/>
  <testcase classname="TestCases.CreateAccountTest" name="tc_18_checkValidEmail" time="30.509"/>
  <testcase classname="TestCases.CreateAccountTest" name="tc_19_checkInvalidEmail" time="0.677"/>
  <testcase classname="TestCases.CreateAccountTest" name="tc_1validateCreateAccountPage" time="0.196"/>
  <testcase classname="TestCases.CreateAccountTest" name="tc_20_checkInvalidEmailWithStartingSpace" time="30.762"/>
  <testcase classname="TestCases.CreateAccountTest" name="tc_21_checkInvalidEmailWithBlank" time="0.457"/>
  <testcase classname="TestCases.CreateAccountTest" name="tc_22_checkValidPassword" time="0.626"/>
  <testcase classname="TestCases.CreateAccountTest" name="tc_25_checkValidPasswordWithSpecialCharNumber" time="0.539"/>
  <testcase classname="TestCases.CreateAccountTest" name="tc_26_checkValidPasswordWithSpecialChar" time="0.562"/>
  <testcase classname="TestCases.CreateAccountTest" name="tc_27_checkValidPasswordWithChar" time="0.545"/>
  <testcase classname="TestCases.CreateAccountTest" name="tc_2validateValidDataFirstName" time="30.369"/>
  <testcase classname="TestCases.CreateAccountTest" name="tc_30_checkValidPasswordWithChar" time="0.461"/>
  <testcase classname="TestCases.CreateAccountTest" name="tc_31_createAccountWithoutselectOptionalCheckbox" time="19.426">
    <failure type="java.lang.AssertionError" message="expected [true] but found [false]">
      <![CDATA[java.lang.AssertionError: expected [true] but found [false]
at org.testng.Assert.fail(Assert.java:99)
at org.testng.Assert.failNotEquals(Assert.java:1037)
at org.testng.Assert.assertTrue(Assert.java:45)
at org.testng.Assert.assertTrue(Assert.java:55)
at TestCases.CreateAccountTest.tc_31_createAccountWithoutselectOptionalCheckbox(CreateAccountTest.java:316)
at java.base/jdk.internal.reflect.NativeMethodAccessorImpl.invoke0(Native Method)
at java.base/jdk.internal.reflect.NativeMethodAccessorImpl.invoke(NativeMethodAccessorImpl.java:64)
at java.base/jdk.internal.reflect.DelegatingMethodAccessorImpl.invoke(DelegatingMethodAccessorImpl.java:43)
at java.base/java.lang.reflect.Method.invoke(Method.java:564)
at org.testng.internal.MethodInvocationHelper.invokeMethod(MethodInvocationHelper.java:133)
at org.testng.internal.TestInvoker.invokeMethod(TestInvoker.java:598)
at org.testng.internal.TestInvoker.invokeTestMethod(TestInvoker.java:173)
at org.testng.internal.MethodRunner.runInSequence(MethodRunner.java:46)
at org.testng.internal.TestInvoker$MethodInvocationAgent.invoke(TestInvoker.java:824)
at org.testng.internal.TestInvoker.invokeTestMethods(TestInvoker.java:146)
at org.testng.internal.TestMethodWorker.invokeTestMethods(TestMethodWorker.java:146)
at org.testng.internal.TestMethodWorker.run(TestMethodWorker.java:128)
at java.base/java.util.ArrayList.forEach(ArrayList.java:1511)
at org.testng.TestRunner.privateRun(TestRunner.java:794)
at org.testng.TestRunner.run(TestRunner.java:596)
at org.testng.SuiteRunner.runTest(SuiteRunner.java:377)
at org.testng.SuiteRunner.runSequentially(SuiteRunner.java:371)
at org.testng.SuiteRunner.privateRun(SuiteRunner.java:332)
at org.testng.SuiteRunner.run(SuiteRunner.java:276)
at org.testng.SuiteRunnerWorker.runSuite(SuiteRunnerWorker.java:53)
at org.testng.SuiteRunnerWorker.run(SuiteRunnerWorker.java:96)
at org.testng.TestNG.runSuitesSequentially(TestNG.java:1212)
at org.testng.TestNG.runSuitesLocally(TestNG.java:1134)
at org.testng.TestNG.runSuites(TestNG.java:1063)
at org.testng.TestNG.run(TestNG.java:1031)
at org.testng.remote.AbstractRemoteTestNG.run(AbstractRemoteTestNG.java:115)
at org.testng.remote.RemoteTestNG.initAndRun(RemoteTestNG.java:251)
at org.testng.remote.RemoteTestNG.main(RemoteTestNG.java:77)
]]>
    </failure>
  </testcase> <!-- tc_31_createAccountWithoutselectOptionalCheckbox -->
  <testcase classname="TestCases.CreateAccountTest" name="tc_32_createAccountWithoutselectOptionalCheckbox" time="19.337">
    <failure type="java.lang.AssertionError" message="expected [true] but found [false]">
      <![CDATA[java.lang.AssertionError: expected [true] but found [false]
at org.testng.Assert.fail(Assert.java:99)
at org.testng.Assert.failNotEquals(Assert.java:1037)
at org.testng.Assert.assertTrue(Assert.java:45)
at org.testng.Assert.assertTrue(Assert.java:55)
at TestCases.CreateAccountTest.tc_32_createAccountWithoutselectOptionalCheckbox(CreateAccountTest.java:338)
at java.base/jdk.internal.reflect.NativeMethodAccessorImpl.invoke0(Native Method)
at java.base/jdk.internal.reflect.NativeMethodAccessorImpl.invoke(NativeMethodAccessorImpl.java:64)
at java.base/jdk.internal.reflect.DelegatingMethodAccessorImpl.invoke(DelegatingMethodAccessorImpl.java:43)
at java.base/java.lang.reflect.Method.invoke(Method.java:564)
at org.testng.internal.MethodInvocationHelper.invokeMethod(MethodInvocationHelper.java:133)
at org.testng.internal.TestInvoker.invokeMethod(TestInvoker.java:598)
at org.testng.internal.TestInvoker.invokeTestMethod(TestInvoker.java:173)
at org.testng.internal.MethodRunner.runInSequence(MethodRunner.java:46)
at org.testng.internal.TestInvoker$MethodInvocationAgent.invoke(TestInvoker.java:824)
at org.testng.internal.TestInvoker.invokeTestMethods(TestInvoker.java:146)
at org.testng.internal.TestMethodWorker.invokeTestMethods(TestMethodWorker.java:146)
at org.testng.internal.TestMethodWorker.run(TestMethodWorker.java:128)
at java.base/java.util.ArrayList.forEach(ArrayList.java:1511)
at org.testng.TestRunner.privateRun(TestRunner.java:794)
at org.testng.TestRunner.run(TestRunner.java:596)
at org.testng.SuiteRunner.runTest(SuiteRunner.java:377)
at org.testng.SuiteRunner.runSequentially(SuiteRunner.java:371)
at org.testng.SuiteRunner.privateRun(SuiteRunner.java:332)
at org.testng.SuiteRunner.run(SuiteRunner.java:276)
at org.testng.SuiteRunnerWorker.runSuite(SuiteRunnerWorker.java:53)
at org.testng.SuiteRunnerWorker.run(SuiteRunnerWorker.java:96)
at org.testng.TestNG.runSuitesSequentially(TestNG.java:1212)
at org.testng.TestNG.runSuitesLocally(TestNG.java:1134)
at org.testng.TestNG.runSuites(TestNG.java:1063)
at org.testng.TestNG.run(TestNG.java:1031)
at org.testng.remote.AbstractRemoteTestNG.run(AbstractRemoteTestNG.java:115)
at org.testng.remote.RemoteTestNG.initAndRun(RemoteTestNG.java:251)
at org.testng.remote.RemoteTestNG.main(RemoteTestNG.java:77)
]]>
    </failure>
  </testcase> <!-- tc_32_createAccountWithoutselectOptionalCheckbox -->
  <testcase classname="TestCases.CreateAccountTest" name="tc_33_createAccountWithoutselectOptionalCheckbox" time="5.379"/>
  <testcase classname="TestCases.CreateAccountTest" name="tc_3_validateErrorMessageWithLessThen2Char" time="0.587"/>
  <testcase classname="TestCases.CreateAccountTest" name="tc_4_validateErrorMessageWithFieldLEft" time="0.464"/>
  <testcase classname="TestCases.CreateAccountTest" name="tc_5_validateErrorMessageWithAlphaNum" time="0.52"/>
  <testcase classname="TestCases.CreateAccountTest" name="tc_6_validateErrorMessageWithAlphaNumSpecialChar" time="0.701"/>
  <testcase classname="TestCases.CreateAccountTest" name="tc_7_validateErrorMessageWithFirstCharAsSpace" time="30.859"/>
  <testcase classname="TestCases.CreateAccountTest" name="tc_8_validateValidDataLastName" time="30.532"/>
  <testcase classname="TestCases.CreateAccountTest" name="tc_9_validateErrorMessageWithLessThen2CharInLastName" time="0.549"/>
</testsuite> <!-- Default test -->
