<?xml version="1.0" encoding="UTF-8"?>
<!-- Generated by org.testng.reporters.JUnitReportReporter -->
<testsuite hostname="LAPTOP-1FSN1JQJ" failures="2" tests="29" name="TestCases.CreateAccountTest" time="356.258" errors="0" timestamp="2021-05-09T13:33:15 EDT" skipped="0">
  <testcase classname="TestCases.CreateAccountTest" name="tc_4_validateErrorMessageWithFieldLEft" time="3.233"/>
  <system-out/>
  <testcase classname="TestCases.CreateAccountTest" name="tc_33_createAccountWithoutselectOptionalCheckbox" time="8.460"/>
  <system-out/>
  <testcase classname="TestCases.CreateAccountTest" name="tc_16_checkInvalidPhnNumber11Digit" time="3.961"/>
  <system-out/>
  <testcase classname="TestCases.CreateAccountTest" name="tc_3_validateErrorMessageWithLessThen2Char" time="3.474"/>
  <system-out/>
  <testcase classname="TestCases.CreateAccountTest" name="tc_25_checkValidPasswordWithSpecialCharNumber" time="4.266"/>
  <system-out/>
  <testcase classname="TestCases.CreateAccountTest" name="tc_21_checkInvalidEmailWithBlank" time="3.247"/>
  <system-out/>
  <testcase classname="TestCases.CreateAccountTest" name="tc_9_validateErrorMessageWithLessThen2CharInLastName" time="3.747"/>
  <system-out/>
  <testcase classname="TestCases.CreateAccountTest" name="tc_26_checkValidPasswordWithSpecialChar" time="3.415"/>
  <system-out/>
  <testcase classname="TestCases.CreateAccountTest" name="tc_27_checkValidPasswordWithChar" time="4.408"/>
  <system-out/>
  <testcase classname="TestCases.CreateAccountTest" name="tc_32_createAccountWithoutselectOptionalCheckbox" time="22.186">
    <failure message="expected [true] but found [false]" type="java.lang.AssertionError">
      <![CDATA[java.lang.AssertionError: expected [true] but found [false]
at org.testng.Assert.fail(Assert.java:99)
at org.testng.Assert.failNotEquals(Assert.java:1037)
at org.testng.Assert.assertTrue(Assert.java:45)
at org.testng.Assert.assertTrue(Assert.java:55)
at TestCases.CreateAccountTest.tc_32_createAccountWithoutselectOptionalCheckbox(CreateAccountTest.java:338)
at java.base/jdk.internal.reflect.NativeMethodAccessorImpl.invoke0(Native Method)
at java.base/jdk.internal.reflect.NativeMethodAccessorImpl.invoke(NativeMethodAccessorImpl.java:64)
at java.base/jdk.internal.reflect.DelegatingMethodAccessorImpl.invoke(DelegatingMethodAccessorImpl.java:43)
at java.base/java.lang.reflect.Method.invoke(Method.java:564)
at org.testng.internal.MethodInvocationHelper.invokeMethod(MethodInvocationHelper.java:133)
at org.testng.internal.TestInvoker.invokeMethod(TestInvoker.java:598)
at org.testng.internal.TestInvoker.invokeTestMethod(TestInvoker.java:173)
at org.testng.internal.MethodRunner.runInSequence(MethodRunner.java:46)
at org.testng.internal.TestInvoker$MethodInvocationAgent.invoke(TestInvoker.java:824)
at org.testng.internal.TestInvoker.invokeTestMethods(TestInvoker.java:146)
at org.testng.internal.TestMethodWorker.invokeTestMethods(TestMethodWorker.java:146)
at org.testng.internal.TestMethodWorker.run(TestMethodWorker.java:128)
at java.base/java.util.ArrayList.forEach(ArrayList.java:1511)
at org.testng.TestRunner.privateRun(TestRunner.java:794)
at org.testng.TestRunner.run(TestRunner.java:596)
at org.testng.SuiteRunner.runTest(SuiteRunner.java:377)
at org.testng.SuiteRunner.runSequentially(SuiteRunner.java:371)
at org.testng.SuiteRunner.privateRun(SuiteRunner.java:332)
at org.testng.SuiteRunner.run(SuiteRunner.java:276)
at org.testng.SuiteRunnerWorker.runSuite(SuiteRunnerWorker.java:53)
at org.testng.SuiteRunnerWorker.run(SuiteRunnerWorker.java:96)
at org.testng.TestNG.runSuitesSequentially(TestNG.java:1212)
at org.testng.TestNG.runSuitesLocally(TestNG.java:1134)
at org.testng.TestNG.runSuites(TestNG.java:1063)
at org.testng.TestNG.run(TestNG.java:1031)
at org.testng.remote.AbstractRemoteTestNG.run(AbstractRemoteTestNG.java:115)
at org.testng.remote.RemoteTestNG.initAndRun(RemoteTestNG.java:251)
at org.testng.remote.RemoteTestNG.main(RemoteTestNG.java:77)
]]>
    </failure>
  </testcase> <!-- tc_32_createAccountWithoutselectOptionalCheckbox -->
  <system-out/>
  <testcase classname="TestCases.CreateAccountTest" name="tc_7_validateErrorMessageWithFirstCharAsSpace" time="33.708"/>
  <system-out/>
  <testcase classname="TestCases.CreateAccountTest" name="tc_17_checkInvalidPhnNumberStartWithBlank" time="3.451"/>
  <system-out/>
  <testcase classname="TestCases.CreateAccountTest" name="tc_6_validateErrorMessageWithAlphaNumSpecialChar" time="3.706"/>
  <system-out/>
  <testcase classname="TestCases.CreateAccountTest" name="tc_13_validateErrorMessageWithFirstCharAsSpaceInLastName" time="33.465"/>
  <system-out/>
  <testcase classname="TestCases.CreateAccountTest" name="tc_1validateCreateAccountPage" time="3.119"/>
  <system-out/>
  <testcase classname="TestCases.CreateAccountTest" name="tc_10_validateErrorMessageWithFieldLeftInLastName" time="3.331"/>
  <system-out/>
  <testcase classname="TestCases.CreateAccountTest" name="tc_20_checkInvalidEmailWithStartingSpace" time="33.746"/>
  <system-out/>
  <testcase classname="TestCases.CreateAccountTest" name="tc_2validateValidDataFirstName" time="33.464"/>
  <system-out/>
  <testcase classname="TestCases.CreateAccountTest" name="tc_18_checkValidEmail" time="33.489"/>
  <system-out/>
  <testcase classname="TestCases.CreateAccountTest" name="tc_22_checkValidPassword" time="3.503"/>
  <system-out/>
  <testcase classname="TestCases.CreateAccountTest" name="tc_5_validateErrorMessageWithAlphaNum" time="3.230"/>
  <system-out/>
  <testcase classname="TestCases.CreateAccountTest" name="tc_8_validateValidDataLastName" time="33.441"/>
  <system-out/>
  <testcase classname="TestCases.CreateAccountTest" name="tc_15_checkInvalidPhnNumber" time="3.552"/>
  <system-out/>
  <testcase classname="TestCases.CreateAccountTest" name="tc_19_checkInvalidEmail" time="3.553"/>
  <system-out/>
  <testcase classname="TestCases.CreateAccountTest" name="tc_31_createAccountWithoutselectOptionalCheckbox" time="22.375">
    <failure message="expected [true] but found [false]" type="java.lang.AssertionError">
      <![CDATA[java.lang.AssertionError: expected [true] but found [false]
at org.testng.Assert.fail(Assert.java:99)
at org.testng.Assert.failNotEquals(Assert.java:1037)
at org.testng.Assert.assertTrue(Assert.java:45)
at org.testng.Assert.assertTrue(Assert.java:55)
at TestCases.CreateAccountTest.tc_31_createAccountWithoutselectOptionalCheckbox(CreateAccountTest.java:316)
at java.base/jdk.internal.reflect.NativeMethodAccessorImpl.invoke0(Native Method)
at java.base/jdk.internal.reflect.NativeMethodAccessorImpl.invoke(NativeMethodAccessorImpl.java:64)
at java.base/jdk.internal.reflect.DelegatingMethodAccessorImpl.invoke(DelegatingMethodAccessorImpl.java:43)
at java.base/java.lang.reflect.Method.invoke(Method.java:564)
at org.testng.internal.MethodInvocationHelper.invokeMethod(MethodInvocationHelper.java:133)
at org.testng.internal.TestInvoker.invokeMethod(TestInvoker.java:598)
at org.testng.internal.TestInvoker.invokeTestMethod(TestInvoker.java:173)
at org.testng.internal.MethodRunner.runInSequence(MethodRunner.java:46)
at org.testng.internal.TestInvoker$MethodInvocationAgent.invoke(TestInvoker.java:824)
at org.testng.internal.TestInvoker.invokeTestMethods(TestInvoker.java:146)
at org.testng.internal.TestMethodWorker.invokeTestMethods(TestMethodWorker.java:146)
at org.testng.internal.TestMethodWorker.run(TestMethodWorker.java:128)
at java.base/java.util.ArrayList.forEach(ArrayList.java:1511)
at org.testng.TestRunner.privateRun(TestRunner.java:794)
at org.testng.TestRunner.run(TestRunner.java:596)
at org.testng.SuiteRunner.runTest(SuiteRunner.java:377)
at org.testng.SuiteRunner.runSequentially(SuiteRunner.java:371)
at org.testng.SuiteRunner.privateRun(SuiteRunner.java:332)
at org.testng.SuiteRunner.run(SuiteRunner.java:276)
at org.testng.SuiteRunnerWorker.runSuite(SuiteRunnerWorker.java:53)
at org.testng.SuiteRunnerWorker.run(SuiteRunnerWorker.java:96)
at org.testng.TestNG.runSuitesSequentially(TestNG.java:1212)
at org.testng.TestNG.runSuitesLocally(TestNG.java:1134)
at org.testng.TestNG.runSuites(TestNG.java:1063)
at org.testng.TestNG.run(TestNG.java:1031)
at org.testng.remote.AbstractRemoteTestNG.run(AbstractRemoteTestNG.java:115)
at org.testng.remote.RemoteTestNG.initAndRun(RemoteTestNG.java:251)
at org.testng.remote.RemoteTestNG.main(RemoteTestNG.java:77)
]]>
    </failure>
  </testcase> <!-- tc_31_createAccountWithoutselectOptionalCheckbox -->
  <system-out/>
  <testcase classname="TestCases.CreateAccountTest" name="tc_14_checkValidPhnNumber" time="34.758"/>
  <system-out/>
  <testcase classname="TestCases.CreateAccountTest" name="tc_30_checkValidPasswordWithChar" time="3.269"/>
  <system-out/>
  <testcase classname="TestCases.CreateAccountTest" name="tc_12_validateErrorMessageWithAlphaNumSpecialCharInLastName" time="3.277"/>
  <system-out/>
  <testcase classname="TestCases.CreateAccountTest" name="tc_11_validateErrorMessageWithAlphaNumInLastName" time="3.424"/>
  <system-out/>
</testsuite> <!-- TestCases.CreateAccountTest -->
